<?xml version="1.0" encoding="UTF-8"?>
<!-- Generated by org.testng.reporters.JUnitReportReporter -->
<testsuite hostname="Surabhi-PC" failures="0" tests="1" name="com.obsquara.scripts.RolesPageTest" time="23.347" errors="0" timestamp="2023-03-24T17:04:41 CST" skipped="0">
  <testcase classname="com.obsquara.scripts.RolesPageTest" name="verifyTheUserCanDeleteRole" time="23.347"/>
  <system-out/>
</testsuite> <!-- com.obsquara.scripts.RolesPageTest -->
