<?xml version="1.0" encoding="UTF-8"?>
<!-- Generated by org.testng.reporters.JUnitReportReporter -->
<testsuite hostname="Surabhi-PC" failures="0" tests="1" name="com.obsquara.scripts.BrandpageTest" time="23.926" errors="0" timestamp="2023-04-09T14:57:14 CST" skipped="0">
  <testcase classname="com.obsquara.scripts.BrandpageTest" name="verifyUserCanAddNewBrand" time="23.926"/>
  <system-out/>
</testsuite> <!-- com.obsquara.scripts.BrandpageTest -->
