<?xml version="1.0" encoding="UTF-8"?>
<!-- Generated by org.testng.reporters.JUnitReportReporter -->
<testsuite hostname="Surabhi-PC" failures="0" tests="2" name="com.obsquara.scripts.CustomerpageTest" time="45.656" errors="0" timestamp="2023-03-24T17:11:19 CST" skipped="0">
  <testcase classname="com.obsquara.scripts.CustomerpageTest" name="verifyUserCanAddNewContact" time="21.495"/>
  <system-out/>
  <testcase classname="com.obsquara.scripts.CustomerpageTest" name="verifyUserCanUpdateNewlyAddedCustomerData" time="24.161"/>
  <system-out/>
</testsuite> <!-- com.obsquara.scripts.CustomerpageTest -->
