<?xml version="1.0" encoding="UTF-8"?>
<!-- Generated by org.testng.reporters.JUnitReportReporter -->
<testsuite hostname="Surabhi-PC" failures="0" tests="3" name="com.obsquara.scripts.Userpagetest" time="76.585" errors="0" timestamp="2023-03-24T16:57:31 CST" skipped="0">
  <testcase classname="com.obsquara.scripts.Userpagetest" name="verifyWhetherNewUserCanSuccessfullyAdded" time="27.407"/>
  <system-out/>
  <testcase classname="com.obsquara.scripts.Userpagetest" name="verifyWhetehraUserCanviewalreadyRegisterdUserDetails" time="22.702"/>
  <system-out/>
  <testcase classname="com.obsquara.scripts.Userpagetest" name="verifyWhetehraUserCanSuccessfullyDelete" time="26.476"/>
  <system-out/>
</testsuite> <!-- com.obsquara.scripts.Userpagetest -->
