<?xml version="1.0" encoding="UTF-8"?>
<!-- Generated by org.testng.reporters.JUnitReportReporter -->
<testsuite hostname="Surabhi-PC" failures="0" tests="2" name="com.obsquara.scripts.Expensepagetest" time="37.026" errors="0" timestamp="2023-03-27T07:37:28 CST" skipped="0">
  <testcase classname="com.obsquara.scripts.Expensepagetest" name="verifyUserCanAddNewExpense" time="19.474"/>
  <system-out/>
  <testcase classname="com.obsquara.scripts.Expensepagetest" name="verifyUserCanAddExpenseCategory" time="17.552"/>
  <system-out/>
</testsuite> <!-- com.obsquara.scripts.Expensepagetest -->
