<?xml version="1.0" encoding="UTF-8"?>
<!-- Generated by org.testng.reporters.JUnitReportReporter -->
<testsuite hostname="Surabhi-PC" failures="0" tests="2" name="com.obsquara.scripts.ProfilepageTest" time="40.096" errors="0" timestamp="2023-04-09T14:57:14 CST" skipped="0">
  <testcase classname="com.obsquara.scripts.ProfilepageTest" name="IsProfilePageLoadedSuccesfully" time="18.531"/>
  <system-out/>
  <testcase classname="com.obsquara.scripts.ProfilepageTest" name="verifyUserCanEditProfile" time="21.565"/>
  <system-out/>
</testsuite> <!-- com.obsquara.scripts.ProfilepageTest -->
