<?xml version="1.0" encoding="UTF-8"?>
<!-- Generated by org.testng.reporters.JUnitReportReporter -->
<testsuite hostname="Surabhi-PC" failures="0" tests="2" name="com.obsquara.scripts.CustomerpageTest" time="39.947" errors="0" timestamp="2023-04-10T12:07:07 CST" skipped="0">
  <testcase classname="com.obsquara.scripts.CustomerpageTest" name="verifyUserCanAddNewContact" time="18.576"/>
  <system-out/>
  <testcase classname="com.obsquara.scripts.CustomerpageTest" name="verifyUserCanDeletNewlyAddedCustomerData" time="21.371"/>
  <system-out/>
</testsuite> <!-- com.obsquara.scripts.CustomerpageTest -->
