<?xml version="1.0" encoding="UTF-8"?>
<!-- Generated by org.testng.reporters.JUnitReportReporter -->
<testsuite hostname="Surabhi-PC" failures="0" tests="2" name="com.obsquara.scripts.ProfilepageTest" time="36.584" errors="0" timestamp="2023-03-27T07:37:28 CST" skipped="0">
  <testcase classname="com.obsquara.scripts.ProfilepageTest" name="IsProfilePageLoadedSuccesfully" time="17.401"/>
  <system-out/>
  <testcase classname="com.obsquara.scripts.ProfilepageTest" name="verifyUserCanEditProfile" time="19.183"/>
  <system-out/>
</testsuite> <!-- com.obsquara.scripts.ProfilepageTest -->
