<?xml version="1.0" encoding="UTF-8"?>
<!-- Generated by org.testng.reporters.JUnitReportReporter -->
<testsuite hostname="Surabhi-PC" failures="0" tests="1" name="com.obsquara.scripts.Expensepagetest" time="37.586" errors="0" timestamp="2023-03-21T16:40:48 CST" skipped="0">
  <testcase classname="com.obsquara.scripts.Expensepagetest" name="verifyUserCanAddExpenseCategory" time="37.586"/>
  <system-out/>
</testsuite> <!-- com.obsquara.scripts.Expensepagetest -->
