<?xml version="1.0" encoding="UTF-8"?>
<!-- Generated by org.testng.reporters.JUnitReportReporter -->
<testsuite hostname="Surabhi-PC" failures="0" tests="5" name="com.obsquara.scripts.LoginPageTest" time="98.007" errors="0" timestamp="2023-03-21T16:04:56 CST" skipped="0">
  <testcase classname="com.obsquara.scripts.LoginPageTest" name="verifyUserIsNotAbleToLoginWitInvalidloginfunction" time="16.799"/>
  <system-out/>
  <testcase classname="com.obsquara.scripts.LoginPageTest" name="verifyUserIsNotAbleToLoginWitInvalidPassword" time="23.303"/>
  <system-out/>
  <testcase classname="com.obsquara.scripts.LoginPageTest" name="verifyUserIsNotAbleToLoginWitInvalidUsername" time="11.296"/>
  <system-out/>
  <testcase classname="com.obsquara.scripts.LoginPageTest" name="verifyUserisAbleToLoginWitvalidloginfunction" time="17.107"/>
  <system-out/>
  <testcase classname="com.obsquara.scripts.LoginPageTest" name="checkSignOut" time="29.502"/>
  <system-out/>
</testsuite> <!-- com.obsquara.scripts.LoginPageTest -->
