<?xml version="1.0" encoding="UTF-8"?>
<!-- Generated by org.testng.reporters.JUnitReportReporter -->
<testsuite hostname="Surabhi-PC" failures="0" tests="1" name="com.obsquara.scripts.BusinessSettingsPageTest" time="25.602" errors="0" timestamp="2023-04-09T14:57:14 CST" skipped="0">
  <testcase classname="com.obsquara.scripts.BusinessSettingsPageTest" name="verifyUserCanUpdateBusinessSettings" time="25.602"/>
  <system-out/>
</testsuite> <!-- com.obsquara.scripts.BusinessSettingsPageTest -->
