<?xml version="1.0" encoding="UTF-8"?>
<!-- Generated by org.testng.reporters.JUnitReportReporter -->
<testsuite hostname="Surabhi-PC" failures="0" tests="4" name="com.obsquara.scripts.HomepageTest" time="53.953" errors="0" timestamp="2023-03-27T07:37:28 CST" skipped="0">
  <testcase classname="com.obsquara.scripts.HomepageTest" name="verifyCalcutatorShowingWhileClickingOnCalculatorIcon" time="13.551"/>
  <system-out/>
  <testcase classname="com.obsquara.scripts.HomepageTest" name="checkHomePageloaded" time="12.406"/>
  <system-out/>
  <testcase classname="com.obsquara.scripts.HomepageTest" name="verifyNotificationmessageShowingUponClickingBellButton" time="13.719"/>
  <system-out/>
  <testcase classname="com.obsquara.scripts.HomepageTest" name="verifyWelcomeMessageShowingAsExpected" time="14.277"/>
  <system-out/>
</testsuite> <!-- com.obsquara.scripts.HomepageTest -->
