<?xml version="1.0" encoding="UTF-8"?>
<!-- Generated by org.testng.reporters.JUnitReportReporter -->
<testsuite hostname="Surabhi-PC" failures="0" tests="5" name="com.obsquara.scripts.LoginPageTest" time="85.321" errors="0" timestamp="2023-03-24T16:57:31 CST" skipped="0">
  <testcase classname="com.obsquara.scripts.LoginPageTest" name="verifyUserIsNotAbleToLoginWitInvalidloginfunction" time="12.973"/>
  <system-out/>
  <testcase classname="com.obsquara.scripts.LoginPageTest" name="verifyUserIsNotAbleToLoginWitInvalidPassword" time="16.617"/>
  <system-out/>
  <testcase classname="com.obsquara.scripts.LoginPageTest" name="verifyUserIsNotAbleToLoginWitInvalidUsername" time="14.547"/>
  <system-out/>
  <testcase classname="com.obsquara.scripts.LoginPageTest" name="verifyUserisAbleToLoginWitvalidloginfunction" time="13.928"/>
  <system-out/>
  <testcase classname="com.obsquara.scripts.LoginPageTest" name="checkSignOut" time="27.256"/>
  <system-out/>
</testsuite> <!-- com.obsquara.scripts.LoginPageTest -->
