<?xml version="1.0" encoding="UTF-8"?>
<!-- Generated by org.testng.reporters.JUnitReportReporter -->
<testsuite hostname="Surabhi-PC" failures="0" tests="2" name="com.obsquara.scripts.RolesPageTest" time="46.580" errors="0" timestamp="2023-03-27T07:37:28 CST" skipped="0">
  <testcase classname="com.obsquara.scripts.RolesPageTest" name="verifyTheUserCanAddNewRole" time="28.344"/>
  <system-out/>
  <testcase classname="com.obsquara.scripts.RolesPageTest" name="verifyTheUserCanDeleteRole" time="18.236"/>
  <system-out/>
</testsuite> <!-- com.obsquara.scripts.RolesPageTest -->
