<?xml version="1.0" encoding="UTF-8"?>
<!-- Generated by org.testng.reporters.JUnitReportReporter -->
<testsuite hostname="Surabhi-PC" failures="0" tests="2" name="com.obsquara.scripts.ProductPageTest" time="102.006" errors="0" timestamp="2023-03-21T16:04:56 CST" skipped="0">
  <testcase classname="com.obsquara.scripts.ProductPageTest" name="verifyClickingonDeactiveselectiveButtonShowsWarningMessageAlert" time="37.775"/>
  <system-out/>
  <testcase classname="com.obsquara.scripts.ProductPageTest" name="verifyWhethertheUserCaNAddNewProduct" time="64.231"/>
  <system-out/>
</testsuite> <!-- com.obsquara.scripts.ProductPageTest -->
