<?xml version="1.0" encoding="UTF-8"?>
<!-- Generated by org.testng.reporters.JUnitReportReporter -->
<testsuite hostname="Surabhi-PC" failures="0" tests="6" name="com.obsquara.scripts.HomepageTest" time="113.333" errors="0" timestamp="2023-04-09T14:57:14 CST" skipped="2">
  <testcase classname="com.obsquara.scripts.HomepageTest" name="verifyCalcutatorShowingWhileClickingOnCalculatorIcon" time="20.940">
    <skipped/>
  </testcase> <!-- verifyCalcutatorShowingWhileClickingOnCalculatorIcon -->
  <system-out/>
  <testcase classname="com.obsquara.scripts.HomepageTest" name="verifyNotificationmessageShowingUponClickingBellButton" time="20.632"/>
  <system-out/>
  <testcase classname="com.obsquara.scripts.HomepageTest" name="verifyCalcutatorShowingWhileClickingOnCalculatorIcon" time="15.709">
    <skipped/>
  </testcase> <!-- verifyCalcutatorShowingWhileClickingOnCalculatorIcon -->
  <system-out/>
  <testcase classname="com.obsquara.scripts.HomepageTest" name="verifyCalcutatorShowingWhileClickingOnCalculatorIcon" time="18.747"/>
  <system-out/>
  <testcase classname="com.obsquara.scripts.HomepageTest" name="checkHomePageloaded" time="20.978"/>
  <system-out/>
  <testcase classname="com.obsquara.scripts.HomepageTest" name="verifyWelcomeMessageShowingAsExpected" time="16.327"/>
  <system-out/>
</testsuite> <!-- com.obsquara.scripts.HomepageTest -->
