<?xml version="1.0" encoding="UTF-8"?>
<!-- Generated by org.testng.reporters.JUnitReportReporter -->
<testsuite hostname="Surabhi-PC" failures="0" tests="3" name="com.obsquara.scripts.Userpagetest" time="122.715" errors="0" timestamp="2023-03-21T16:04:56 CST" skipped="0">
  <testcase classname="com.obsquara.scripts.Userpagetest" name="verifyWhetherNewUserCanSuccessfullyAdded" time="46.132"/>
  <system-out/>
  <testcase classname="com.obsquara.scripts.Userpagetest" name="verifyWhetehraUserCanSuccessfullyDelete" time="47.193"/>
  <system-out/>
  <testcase classname="com.obsquara.scripts.Userpagetest" name="verifyWhetehraUserCanviewalreadyRegisterdUserDetails" time="29.390"/>
  <system-out/>
</testsuite> <!-- com.obsquara.scripts.Userpagetest -->
