<?xml version="1.0" encoding="UTF-8"?>
<!-- Generated by org.testng.reporters.JUnitReportReporter -->
<testsuite hostname="Surabhi-PC" failures="0" tests="2" name="com.obsquara.scripts.CustomerpageTest" time="37.627" errors="0" timestamp="2023-04-09T14:57:14 CST" skipped="0">
  <testcase classname="com.obsquara.scripts.CustomerpageTest" name="verifyUserCanAddNewContact" time="18.424"/>
  <system-out/>
  <testcase classname="com.obsquara.scripts.CustomerpageTest" name="verifyUserCanDeletNewlyAddedCustomerData" time="19.203"/>
  <system-out/>
</testsuite> <!-- com.obsquara.scripts.CustomerpageTest -->
