<?xml version="1.0" encoding="UTF-8"?>
<!-- Generated by org.testng.reporters.JUnitReportReporter -->
<testsuite hostname="Surabhi-PC" failures="0" tests="3" name="com.obsquara.scripts.Userpagetest" time="70.032" errors="0" timestamp="2023-04-09T14:57:14 CST" skipped="0">
  <testcase classname="com.obsquara.scripts.Userpagetest" name="verifyWhetherNewUserCanSuccessfullyAdded" time="26.431"/>
  <system-out/>
  <testcase classname="com.obsquara.scripts.Userpagetest" name="verifyWhetehraUserCanviewalreadyRegisterdUserDetails" time="24.019"/>
  <system-out/>
  <testcase classname="com.obsquara.scripts.Userpagetest" name="verifyWhetehraUserCanSuccessfullyDelete" time="19.582"/>
  <system-out/>
</testsuite> <!-- com.obsquara.scripts.Userpagetest -->
