<?xml version="1.0" encoding="UTF-8"?>
<!-- Generated by org.testng.reporters.JUnitReportReporter -->
<testsuite hostname="Surabhi-PC" failures="0" tests="1" name="com.obsquara.scripts.InvoiceSettingsPageTest" time="50.420" errors="0" timestamp="2023-03-21T20:09:35 CST" skipped="0">
  <testcase classname="com.obsquara.scripts.InvoiceSettingsPageTest" name="verifyUserCanAddNewInvoiceSettings" time="50.420"/>
  <system-out/>
</testsuite> <!-- com.obsquara.scripts.InvoiceSettingsPageTest -->
