<?xml version="1.0" encoding="UTF-8"?>
<!-- Generated by org.testng.reporters.JUnitReportReporter -->
<testsuite hostname="Surabhi-PC" failures="0" tests="2" name="com.obsquara.scripts.RolesPageTest" time="45.533" errors="0" timestamp="2023-04-09T14:57:14 CST" skipped="0">
  <testcase classname="com.obsquara.scripts.RolesPageTest" name="verifyTheUserCanAddNewRole" time="24.624"/>
  <system-out/>
  <testcase classname="com.obsquara.scripts.RolesPageTest" name="verifyTheUserCanDeleteRole" time="20.909"/>
  <system-out/>
</testsuite> <!-- com.obsquara.scripts.RolesPageTest -->
