<?xml version="1.0" encoding="UTF-8"?>
<!-- Generated by org.testng.reporters.JUnitReportReporter -->
<testsuite hostname="Surabhi-PC" failures="0" tests="1" name="com.obsquara.scripts.CategoryPageTest" time="16.302" errors="0" timestamp="2023-03-27T07:37:28 CST" skipped="0">
  <testcase classname="com.obsquara.scripts.CategoryPageTest" name="verifyUserCanAddNewCategories" time="16.302"/>
  <system-out/>
</testsuite> <!-- com.obsquara.scripts.CategoryPageTest -->
