<?xml version="1.0" encoding="UTF-8"?>
<!-- Generated by org.testng.reporters.JUnitReportReporter -->
<testsuite hostname="Surabhi-PC" failures="0" tests="5" name="com.obsquara.scripts.LoginPageTest" time="69.904" errors="0" timestamp="2023-04-09T14:57:14 CST" skipped="0">
  <testcase classname="com.obsquara.scripts.LoginPageTest" name="verifyUserIsNotAbleToLoginWitInvalidloginfunction" time="11.762"/>
  <system-out/>
  <testcase classname="com.obsquara.scripts.LoginPageTest" name="verifyUserIsNotAbleToLoginWitInvalidPassword" time="11.173"/>
  <system-out/>
  <testcase classname="com.obsquara.scripts.LoginPageTest" name="verifyUserIsNotAbleToLoginWitInvalidUsername" time="10.670"/>
  <system-out/>
  <testcase classname="com.obsquara.scripts.LoginPageTest" name="verifyUserisAbleToLoginWitvalidloginfunction" time="14.955"/>
  <system-out/>
  <testcase classname="com.obsquara.scripts.LoginPageTest" name="checkSignOut" time="21.344"/>
  <system-out/>
</testsuite> <!-- com.obsquara.scripts.LoginPageTest -->
