<?xml version="1.0" encoding="UTF-8"?>
<!-- Generated by org.testng.reporters.JUnitReportReporter -->
<testsuite hostname="Surabhi-PC" failures="0" tests="1" name="com.obsquara.scripts.Unitspagetest" time="27.847" errors="0" timestamp="2023-03-24T17:08:16 CST" skipped="0">
  <testcase classname="com.obsquara.scripts.Unitspagetest" name="verifyUsesrCanAddNewUnit" time="27.847"/>
  <system-out/>
</testsuite> <!-- com.obsquara.scripts.Unitspagetest -->
