<?xml version="1.0" encoding="UTF-8"?>
<!-- Generated by org.testng.reporters.JUnitReportReporter -->
<testsuite hostname="Surabhi-PC" failures="0" tests="1" name="com.obsquara.scripts.TaxRatePageTest" time="65.039" errors="0" timestamp="2023-03-29T22:19:36 CST" skipped="0">
  <testcase classname="com.obsquara.scripts.TaxRatePageTest" name="verifyWhetherTheUserCanAddNewTaxRate" time="65.039"/>
  <system-out/>
</testsuite> <!-- com.obsquara.scripts.TaxRatePageTest -->
