<?xml version="1.0" encoding="UTF-8"?>
<!-- Generated by org.testng.reporters.JUnitReportReporter -->
<testsuite hostname="Surabhi-PC" failures="0" tests="1" name="com.obsquara.scripts.BarCodePageTest" time="27.312" errors="0" timestamp="2023-03-24T17:06:40 CST" skipped="0">
  <testcase classname="com.obsquara.scripts.BarCodePageTest" name="verifyUserCanDeleteBarCodeS" time="27.312"/>
  <system-out/>
</testsuite> <!-- com.obsquara.scripts.BarCodePageTest -->
