<?xml version="1.0" encoding="UTF-8"?>
<!-- Generated by org.testng.reporters.JUnitReportReporter -->
<testsuite hostname="Surabhi-PC" failures="0" tests="2" name="com.obsquara.scripts.ProfilepageTest" time="43.562" errors="0" timestamp="2023-03-24T16:57:31 CST" skipped="0">
  <testcase classname="com.obsquara.scripts.ProfilepageTest" name="verifyUserCanEditProfile" time="22.659"/>
  <system-out/>
  <testcase classname="com.obsquara.scripts.ProfilepageTest" name="IsProfilePageLoadedSuccesfully" time="20.903"/>
  <system-out/>
</testsuite> <!-- com.obsquara.scripts.ProfilepageTest -->
