<?xml version="1.0" encoding="UTF-8"?>
<!-- Generated by org.testng.reporters.JUnitReportReporter -->
<testsuite hostname="Surabhi-PC" failures="0" tests="1" name="com.obsquara.scripts.UnitTestPage" time="29.555" errors="0" timestamp="2023-03-21T16:04:56 CST" skipped="0">
  <testcase classname="com.obsquara.scripts.UnitTestPage" name="verifyUsesrCanAddNewUnit" time="29.555"/>
  <system-out/>
</testsuite> <!-- com.obsquara.scripts.UnitTestPage -->
