<?xml version="1.0" encoding="UTF-8"?>
<!-- Generated by org.testng.reporters.JUnitReportReporter -->
<testsuite hostname="Surabhi-PC" failures="0" tests="2" name="com.obsquara.scripts.Expensepagetest" time="42.452" errors="0" timestamp="2023-03-24T16:57:31 CST" skipped="0">
  <testcase classname="com.obsquara.scripts.Expensepagetest" name="verifyUserCanAddNewExpense" time="23.688"/>
  <system-out/>
  <testcase classname="com.obsquara.scripts.Expensepagetest" name="verifyUserCanAddExpenseCategory" time="18.764"/>
  <system-out/>
</testsuite> <!-- com.obsquara.scripts.Expensepagetest -->
