<?xml version="1.0" encoding="UTF-8"?>
<!-- Generated by org.testng.reporters.JUnitReportReporter -->
<testsuite hostname="Surabhi-PC" failures="0" tests="2" name="com.obsquara.scripts.ProfilepageTest" time="53.392" errors="0" timestamp="2023-03-21T16:04:56 CST" skipped="0">
  <testcase classname="com.obsquara.scripts.ProfilepageTest" name="IsProfilePageLoadedSuccesfully" time="20.650"/>
  <system-out/>
  <testcase classname="com.obsquara.scripts.ProfilepageTest" name="verifyUserCanEditProfile" time="32.742"/>
  <system-out/>
</testsuite> <!-- com.obsquara.scripts.ProfilepageTest -->
