<?xml version="1.0" encoding="UTF-8"?>
<!-- Generated by org.testng.reporters.JUnitReportReporter -->
<testsuite hostname="Surabhi-PC" failures="0" tests="2" name="com.obsquara.scripts.Expensepagetest" time="39.198" errors="0" timestamp="2023-04-09T14:57:14 CST" skipped="0">
  <testcase classname="com.obsquara.scripts.Expensepagetest" name="verifyUserCanAddNewExpense" time="20.512"/>
  <system-out/>
  <testcase classname="com.obsquara.scripts.Expensepagetest" name="verifyUserCanAddExpenseCategory" time="18.686"/>
  <system-out/>
</testsuite> <!-- com.obsquara.scripts.Expensepagetest -->
