<?xml version="1.0" encoding="UTF-8"?>
<!-- Generated by org.testng.reporters.JUnitReportReporter -->
<testsuite hostname="Surabhi-PC" failures="0" tests="3" name="com.obsquara.scripts.Userpagetest" time="56.952" errors="0" timestamp="2023-03-27T07:37:28 CST" skipped="0">
  <testcase classname="com.obsquara.scripts.Userpagetest" name="verifyWhetherNewUserCanSuccessfullyAdded" time="21.554"/>
  <system-out/>
  <testcase classname="com.obsquara.scripts.Userpagetest" name="verifyWhetehraUserCanviewalreadyRegisterdUserDetails" time="17.682"/>
  <system-out/>
  <testcase classname="com.obsquara.scripts.Userpagetest" name="verifyWhetehraUserCanSuccessfullyDelete" time="17.716"/>
  <system-out/>
</testsuite> <!-- com.obsquara.scripts.Userpagetest -->
