<?xml version="1.0" encoding="UTF-8"?>
<!-- Generated by org.testng.reporters.JUnitReportReporter -->
<testsuite hostname="Surabhi-PC" failures="0" tests="2" name="com.obsquara.scripts.BarCodePageTest" time="39.385" errors="0" timestamp="2023-03-27T07:37:28 CST" skipped="0">
  <testcase classname="com.obsquara.scripts.BarCodePageTest" name="verifyUserCanAddNewBarCodeToProducts" time="21.125"/>
  <system-out/>
  <testcase classname="com.obsquara.scripts.BarCodePageTest" name="verifyUserCanDeleteBarCodeS" time="18.260"/>
  <system-out/>
</testsuite> <!-- com.obsquara.scripts.BarCodePageTest -->
