<?xml version="1.0" encoding="UTF-8"?>
<!-- Generated by org.testng.reporters.JUnitReportReporter -->
<testsuite hostname="Surabhi-PC" failures="0" tests="5" name="com.obsquara.scripts.HomepageTest" time="91.231" errors="0" timestamp="2023-03-24T16:57:31 CST" skipped="0">
  <testcase classname="com.obsquara.scripts.HomepageTest" name="verifyNotificationmessageShowingUponClickingBellButton" time="18.796"/>
  <system-out/>
  <testcase classname="com.obsquara.scripts.HomepageTest" name="checkHomePageloaded" time="14.745"/>
  <system-out/>
  <testcase classname="com.obsquara.scripts.HomepageTest" name="verifyCalcutatorShowingWhileClickingOnCalculatorIcon" time="16.845"/>
  <system-out/>
  <testcase classname="com.obsquara.scripts.HomepageTest" name="verifyWelcomeMessageShowingAsExpected" time="22.676"/>
  <system-out/>
  <testcase classname="com.obsquara.scripts.HomepageTest" name="verifyTodaysProfitMessageDisplayingWhileClickingOnTodaysProfitIcon" time="18.169"/>
  <system-out/>
</testsuite> <!-- com.obsquara.scripts.HomepageTest -->
