<?xml version="1.0" encoding="UTF-8"?>
<!-- Generated by org.testng.reporters.JUnitReportReporter -->
<testsuite hostname="Surabhi-PC" failures="0" tests="1" name="com.obsquara.scripts.StockAdjustmentPageTest" time="20.329" errors="0" timestamp="2023-04-09T14:57:14 CST" skipped="0">
  <testcase classname="com.obsquara.scripts.StockAdjustmentPageTest" name="whetherUserCanAddNewStockAdjustment" time="20.329"/>
  <system-out/>
</testsuite> <!-- com.obsquara.scripts.StockAdjustmentPageTest -->
