<?xml version="1.0" encoding="UTF-8"?>
<!-- Generated by org.testng.reporters.JUnitReportReporter -->
<testsuite hostname="Surabhi-PC" failures="0" tests="2" name="com.obsquara.scripts.RolesPageTest" time="69.280" errors="0" timestamp="2023-03-21T16:04:56 CST" skipped="0">
  <testcase classname="com.obsquara.scripts.RolesPageTest" name="verifyTheUserCanAddNewRole" time="34.709"/>
  <system-out/>
  <testcase classname="com.obsquara.scripts.RolesPageTest" name="verifyTheUserCanDeleteRole" time="34.571"/>
  <system-out/>
</testsuite> <!-- com.obsquara.scripts.RolesPageTest -->
