<?xml version="1.0" encoding="UTF-8"?>
<!-- Generated by org.testng.reporters.JUnitReportReporter -->
<testsuite hostname="Surabhi-PC" failures="0" tests="5" name="com.obsquara.scripts.LoginPageTest" time="68.525" errors="0" timestamp="2023-03-27T07:37:28 CST" skipped="0">
  <testcase classname="com.obsquara.scripts.LoginPageTest" name="verifyUserIsNotAbleToLoginWitInvalidloginfunction" time="12.214"/>
  <system-out/>
  <testcase classname="com.obsquara.scripts.LoginPageTest" name="verifyUserIsNotAbleToLoginWitInvalidPassword" time="11.902"/>
  <system-out/>
  <testcase classname="com.obsquara.scripts.LoginPageTest" name="verifyUserIsNotAbleToLoginWitInvalidUsername" time="12.263"/>
  <system-out/>
  <testcase classname="com.obsquara.scripts.LoginPageTest" name="verifyUserisAbleToLoginWitvalidloginfunction" time="15.029"/>
  <system-out/>
  <testcase classname="com.obsquara.scripts.LoginPageTest" name="checkSignOut" time="17.117"/>
  <system-out/>
</testsuite> <!-- com.obsquara.scripts.LoginPageTest -->
