<?xml version="1.0" encoding="UTF-8"?>
<!-- Generated by org.testng.reporters.JUnitReportReporter -->
<testsuite hostname="Surabhi-PC" failures="0" tests="1" name="com.obsquara.scripts.CategoryPageTest" time="22.960" errors="0" timestamp="2023-03-24T17:12:24 CST" skipped="0">
  <testcase classname="com.obsquara.scripts.CategoryPageTest" name="verifyUserCanAddNewCategories" time="22.960"/>
  <system-out/>
</testsuite> <!-- com.obsquara.scripts.CategoryPageTest -->
